"C:\Program Files (x86)\JetBrains\CLion 2024.3.4\bin\cmake\win\x64\bin\cmake.exe" -DCMAKE_BUILD_TYPE=Debug "-DCMAKE_MAKE_PROGRAM=C:/Program Files (x86)/JetBrains/CLion 2024.3.4/bin/ninja/win/x64/ninja.exe" "-DCMAKE_C_COMPILER=C:/Program Files (x86)/Arm GNU Toolchain arm-none-eabi/14.2 rel1/bin/arm-none-eabi-gcc.exe" "-DCMAKE_CXX_COMPILER=C:/Program Files (x86)/Arm GNU Toolchain arm-none-eabi/14.2 rel1/bin/arm-none-eabi-g++.exe" -G Ninja -S C:\Users\98adt\Documents\NSCC_IoT\semester_Jan2025\Embedded_C\Labs\lab4\lab4 -B C:\Users\98adt\Documents\NSCC_IoT\semester_Jan2025\Embedded_C\Labs\lab4\lab4\cmake-build-debug-arm
-- The C compiler identification is GNU 14.2.1
-- Detecting C compiler ABI info
-- Detecting C compiler ABI info - failed
-- Check for working C compiler: C:/Program Files (x86)/Arm GNU Toolchain arm-none-eabi/14.2 rel1/bin/arm-none-eabi-gcc.exe
-- Check for working C compiler: C:/Program Files (x86)/Arm GNU Toolchain arm-none-eabi/14.2 rel1/bin/arm-none-eabi-gcc.exe - broken
CMake Error at C:/Program Files (x86)/JetBrains/CLion 2024.3.4/bin/cmake/win/x64/share/cmake-3.30/Modules/CMakeTestCCompiler.cmake:67 (message):
  The C compiler

    "C:/Program Files (x86)/Arm GNU Toolchain arm-none-eabi/14.2 rel1/bin/arm-none-eabi-gcc.exe"

  is not able to compile a simple test program.

  It fails with the following output:

    Change Dir: 'C:/Users/98adt/Documents/NSCC_IoT/semester_Jan2025/Embedded_C/Labs/lab4/lab4/cmake-build-debug-arm/CMakeFiles/CMakeScratch/TryCompile-nxjb9u'
    
    Run Build Command(s): "C:/Program Files (x86)/JetBrains/CLion 2024.3.4/bin/ninja/win/x64/ninja.exe" -v cmTC_fbd2b
    [1/2] C:\PROGRA~2\ARMGNU~1\14EFD8~1.2RE\bin\AR19DD~1.EXE   -fdiagnostics-color=always -o CMakeFiles/cmTC_fbd2b.dir/testCCompiler.c.obj -c C:/Users/98adt/Documents/NSCC_IoT/semester_Jan2025/Embedded_C/Labs/lab4/lab4/cmake-build-debug-arm/CMakeFiles/CMakeScratch/TryCompile-nxjb9u/testCCompiler.c
    [2/2] C:\WINDOWS\system32\cmd.exe /C "cd . && C:\PROGRA~2\ARMGNU~1\14EFD8~1.2RE\bin\AR19DD~1.EXE   CMakeFiles/cmTC_fbd2b.dir/testCCompiler.c.obj -o cmTC_fbd2b.exe -Wl,--out-implib,libcmTC_fbd2b.dll.a -Wl,--major-image-version,0,--minor-image-version,0  -lkernel32 -luser32 -lgdi32 -lwinspool -lshell32 -lole32 -loleaut32 -luuid -lcomdlg32 -ladvapi32 && cd ."
    FAILED: cmTC_fbd2b.exe 
    C:\WINDOWS\system32\cmd.exe /C "cd . && C:\PROGRA~2\ARMGNU~1\14EFD8~1.2RE\bin\AR19DD~1.EXE   CMakeFiles/cmTC_fbd2b.dir/testCCompiler.c.obj -o cmTC_fbd2b.exe -Wl,--out-implib,libcmTC_fbd2b.dll.a -Wl,--major-image-version,0,--minor-image-version,0  -lkernel32 -luser32 -lgdi32 -lwinspool -lshell32 -lole32 -loleaut32 -luuid -lcomdlg32 -ladvapi32 && cd ."
    C:/PROGRA~2/ARMGNU~1/14EFD8~1.2RE/bin/../lib/gcc/arm-none-eabi/14.2.1/../../../../arm-none-eabi/bin/ld.exe: unrecognized option '--major-image-version'
    C:/PROGRA~2/ARMGNU~1/14EFD8~1.2RE/bin/../lib/gcc/arm-none-eabi/14.2.1/../../../../arm-none-eabi/bin/ld.exe: use the --help option for usage information
    collect2.exe: error: ld returned 1 exit status
    ninja: build stopped: subcommand failed.
    
    

  

  CMake will not be able to correctly generate this project.
Call Stack (most recent call first):
  CMakeLists.txt:2 (project)


-- Configuring incomplete, errors occurred!
